{"/Users/benjaminsoung/web-dev/interview_challenges/musical-mash/src/actions/index.js": {"path":"/Users/benjaminsoung/web-dev/interview_challenges/musical-mash/src/actions/index.js","statementMap":{"0":{"start":{"line":8,"column":19},"end":{"line":34,"column":1}},"1":{"start":{"line":9,"column":1},"end":{"line":33,"column":2}},"2":{"start":{"line":12,"column":2},"end":{"line":32,"column":6}},"3":{"start":{"line":15,"column":20},"end":{"line":15,"column":33}},"4":{"start":{"line":17,"column":4},"end":{"line":21,"column":7}},"5":{"start":{"line":24,"column":4},"end":{"line":24,"column":16}},"6":{"start":{"line":27,"column":4},"end":{"line":27,"column":31}},"7":{"start":{"line":41,"column":1},"end":{"line":45,"column":2}},"8":{"start":{"line":42,"column":2},"end":{"line":44,"column":4}},"9":{"start":{"line":49,"column":1},"end":{"line":53,"column":2}},"10":{"start":{"line":50,"column":2},"end":{"line":52,"column":4}},"11":{"start":{"line":61,"column":1},"end":{"line":64,"column":2}},"12":{"start":{"line":72,"column":1},"end":{"line":75,"column":2}},"13":{"start":{"line":79,"column":1},"end":{"line":82,"column":2}},"14":{"start":{"line":86,"column":1},"end":{"line":89,"column":2}},"15":{"start":{"line":93,"column":1},"end":{"line":96,"column":2}},"16":{"start":{"line":104,"column":1},"end":{"line":107,"column":2}},"17":{"start":{"line":111,"column":1},"end":{"line":114,"column":2}},"18":{"start":{"line":118,"column":1},"end":{"line":121,"column":2}},"19":{"start":{"line":125,"column":1},"end":{"line":128,"column":2}},"20":{"start":{"line":137,"column":1},"end":{"line":139,"column":2}}},"fnMap":{"0":{"name":"(anonymous_0)","decl":{"start":{"line":8,"column":19},"end":{"line":8,"column":20}},"loc":{"start":{"line":8,"column":49},"end":{"line":34,"column":1}},"line":8},"1":{"name":"(anonymous_1)","decl":{"start":{"line":9,"column":8},"end":{"line":9,"column":9}},"loc":{"start":{"line":9,"column":22},"end":{"line":33,"column":2}},"line":9},"2":{"name":"(anonymous_2)","decl":{"start":{"line":14,"column":9},"end":{"line":14,"column":10}},"loc":{"start":{"line":14,"column":17},"end":{"line":25,"column":4}},"line":14},"3":{"name":"(anonymous_3)","decl":{"start":{"line":26,"column":10},"end":{"line":26,"column":11}},"loc":{"start":{"line":26,"column":17},"end":{"line":32,"column":4}},"line":26},"4":{"name":"searchVideos","decl":{"start":{"line":40,"column":16},"end":{"line":40,"column":28}},"loc":{"start":{"line":40,"column":41},"end":{"line":46,"column":1}},"line":40},"5":{"name":"(anonymous_5)","decl":{"start":{"line":41,"column":8},"end":{"line":41,"column":9}},"loc":{"start":{"line":41,"column":22},"end":{"line":45,"column":2}},"line":41},"6":{"name":"searchSongs","decl":{"start":{"line":48,"column":16},"end":{"line":48,"column":27}},"loc":{"start":{"line":48,"column":40},"end":{"line":54,"column":1}},"line":48},"7":{"name":"(anonymous_7)","decl":{"start":{"line":49,"column":8},"end":{"line":49,"column":9}},"loc":{"start":{"line":49,"column":22},"end":{"line":53,"column":2}},"line":49},"8":{"name":"setSearchTerm","decl":{"start":{"line":60,"column":16},"end":{"line":60,"column":29}},"loc":{"start":{"line":60,"column":42},"end":{"line":65,"column":1}},"line":60},"9":{"name":"setSongDuration","decl":{"start":{"line":71,"column":16},"end":{"line":71,"column":31}},"loc":{"start":{"line":71,"column":42},"end":{"line":76,"column":1}},"line":71},"10":{"name":"setSongIndex","decl":{"start":{"line":78,"column":16},"end":{"line":78,"column":28}},"loc":{"start":{"line":78,"column":36},"end":{"line":83,"column":1}},"line":78},"11":{"name":"setRandomSong","decl":{"start":{"line":85,"column":16},"end":{"line":85,"column":29}},"loc":{"start":{"line":85,"column":36},"end":{"line":90,"column":1}},"line":85},"12":{"name":"setSongState","decl":{"start":{"line":92,"column":16},"end":{"line":92,"column":28}},"loc":{"start":{"line":92,"column":35},"end":{"line":97,"column":1}},"line":92},"13":{"name":"setVideoPlayer","decl":{"start":{"line":103,"column":16},"end":{"line":103,"column":30}},"loc":{"start":{"line":103,"column":44},"end":{"line":108,"column":1}},"line":103},"14":{"name":"setVideoIndex","decl":{"start":{"line":110,"column":16},"end":{"line":110,"column":29}},"loc":{"start":{"line":110,"column":37},"end":{"line":115,"column":1}},"line":110},"15":{"name":"setRandomVideo","decl":{"start":{"line":117,"column":16},"end":{"line":117,"column":30}},"loc":{"start":{"line":117,"column":38},"end":{"line":122,"column":1}},"line":117},"16":{"name":"setVideoState","decl":{"start":{"line":124,"column":16},"end":{"line":124,"column":29}},"loc":{"start":{"line":124,"column":36},"end":{"line":129,"column":1}},"line":124},"17":{"name":"newMediaSearched","decl":{"start":{"line":136,"column":16},"end":{"line":136,"column":32}},"loc":{"start":{"line":136,"column":35},"end":{"line":140,"column":1}},"line":136}},"branchMap":{},"s":{"0":5,"1":0,"2":0,"3":0,"4":0,"5":0,"6":0,"7":0,"8":0,"9":0,"10":0,"11":1,"12":0,"13":0,"14":0,"15":0,"16":0,"17":0,"18":0,"19":0,"20":0},"f":{"0":0,"1":0,"2":0,"3":0,"4":0,"5":0,"6":0,"7":0,"8":1,"9":0,"10":0,"11":0,"12":0,"13":0,"14":0,"15":0,"16":0,"17":0},"b":{},"_coverageSchema":"332fd63041d2c1bcb487cc26dd0d5f7d97098a6c","hash":"65b7cec8ea25989be91897efc0471c4b4008a796"}
,"/Users/benjaminsoung/web-dev/interview_challenges/musical-mash/src/components/container/MusicPlayerContainer.js": {"path":"/Users/benjaminsoung/web-dev/interview_challenges/musical-mash/src/components/container/MusicPlayerContainer.js","statementMap":{"0":{"start":{"line":8,"column":59},"end":{"line":8,"column":69}},"1":{"start":{"line":10,"column":31},"end":{"line":10,"column":38}},"2":{"start":{"line":11,"column":28},"end":{"line":11,"column":45}},"3":{"start":{"line":14,"column":8},"end":{"line":18,"column":9}},"4":{"start":{"line":15,"column":12},"end":{"line":15,"column":36}},"5":{"start":{"line":17,"column":12},"end":{"line":17,"column":32}},"6":{"start":{"line":21,"column":8},"end":{"line":23,"column":9}},"7":{"start":{"line":22,"column":12},"end":{"line":22,"column":31}},"8":{"start":{"line":27,"column":45},"end":{"line":27,"column":55}},"9":{"start":{"line":30,"column":8},"end":{"line":36,"column":9}},"10":{"start":{"line":31,"column":12},"end":{"line":31,"column":35}},"11":{"start":{"line":35,"column":12},"end":{"line":35,"column":36}},"12":{"start":{"line":40,"column":55},"end":{"line":40,"column":65}},"13":{"start":{"line":42,"column":8},"end":{"line":49,"column":9}},"14":{"start":{"line":43,"column":12},"end":{"line":48,"column":13}},"15":{"start":{"line":51,"column":35},"end":{"line":51,"column":95}},"16":{"start":{"line":53,"column":8},"end":{"line":65,"column":10}},"17":{"start":{"line":73,"column":24},"end":{"line":78,"column":1}},"18":{"start":{"line":74,"column":4},"end":{"line":77,"column":5}},"19":{"start":{"line":80,"column":27},"end":{"line":84,"column":1}},"20":{"start":{"line":81,"column":4},"end":{"line":83,"column":5}},"21":{"start":{"line":82,"column":32},"end":{"line":82,"column":68}}},"fnMap":{"0":{"name":"(anonymous_0)","decl":{"start":{"line":7,"column":4},"end":{"line":7,"column":5}},"loc":{"start":{"line":7,"column":41},"end":{"line":24,"column":5}},"line":7},"1":{"name":"(anonymous_1)","decl":{"start":{"line":26,"column":4},"end":{"line":26,"column":5}},"loc":{"start":{"line":26,"column":11},"end":{"line":37,"column":5}},"line":26},"2":{"name":"(anonymous_2)","decl":{"start":{"line":39,"column":4},"end":{"line":39,"column":5}},"loc":{"start":{"line":39,"column":13},"end":{"line":66,"column":5}},"line":39},"3":{"name":"(anonymous_3)","decl":{"start":{"line":73,"column":24},"end":{"line":73,"column":25}},"loc":{"start":{"line":73,"column":35},"end":{"line":78,"column":1}},"line":73},"4":{"name":"(anonymous_4)","decl":{"start":{"line":80,"column":27},"end":{"line":80,"column":28}},"loc":{"start":{"line":80,"column":41},"end":{"line":84,"column":1}},"line":80},"5":{"name":"(anonymous_5)","decl":{"start":{"line":82,"column":22},"end":{"line":82,"column":23}},"loc":{"start":{"line":82,"column":32},"end":{"line":82,"column":68}},"line":82}},"branchMap":{"0":{"loc":{"start":{"line":14,"column":8},"end":{"line":18,"column":9}},"type":"if","locations":[{"start":{"line":14,"column":8},"end":{"line":18,"column":9}},{"start":{"line":14,"column":8},"end":{"line":18,"column":9}}],"line":14},"1":{"loc":{"start":{"line":14,"column":12},"end":{"line":14,"column":60}},"type":"binary-expr","locations":[{"start":{"line":14,"column":12},"end":{"line":14,"column":26}},{"start":{"line":14,"column":30},"end":{"line":14,"column":60}}],"line":14},"2":{"loc":{"start":{"line":21,"column":8},"end":{"line":23,"column":9}},"type":"if","locations":[{"start":{"line":21,"column":8},"end":{"line":23,"column":9}},{"start":{"line":21,"column":8},"end":{"line":23,"column":9}}],"line":21},"3":{"loc":{"start":{"line":21,"column":12},"end":{"line":21,"column":61}},"type":"binary-expr","locations":[{"start":{"line":21,"column":12},"end":{"line":21,"column":27}},{"start":{"line":21,"column":31},"end":{"line":21,"column":61}}],"line":21},"4":{"loc":{"start":{"line":30,"column":8},"end":{"line":36,"column":9}},"type":"if","locations":[{"start":{"line":30,"column":8},"end":{"line":36,"column":9}},{"start":{"line":30,"column":8},"end":{"line":36,"column":9}}],"line":30},"5":{"loc":{"start":{"line":42,"column":8},"end":{"line":49,"column":9}},"type":"if","locations":[{"start":{"line":42,"column":8},"end":{"line":49,"column":9}},{"start":{"line":42,"column":8},"end":{"line":49,"column":9}}],"line":42},"6":{"loc":{"start":{"line":56,"column":21},"end":{"line":56,"column":47}},"type":"cond-expr","locations":[{"start":{"line":56,"column":31},"end":{"line":56,"column":38}},{"start":{"line":56,"column":41},"end":{"line":56,"column":47}}],"line":56}},"s":{"0":0,"1":0,"2":0,"3":0,"4":0,"5":0,"6":0,"7":0,"8":0,"9":0,"10":0,"11":0,"12":1,"13":1,"14":1,"15":0,"16":0,"17":3,"18":0,"19":3,"20":0,"21":0},"f":{"0":0,"1":0,"2":1,"3":0,"4":0,"5":0},"b":{"0":[0,0],"1":[0,0],"2":[0,0],"3":[0,0],"4":[0,0],"5":[1,0],"6":[0,0]},"_coverageSchema":"332fd63041d2c1bcb487cc26dd0d5f7d97098a6c","hash":"5f51499249ed6b99384ccfb68f57b1a0bd55274f"}
,"/Users/benjaminsoung/web-dev/interview_challenges/musical-mash/src/components/container/SearchContainer.js": {"path":"/Users/benjaminsoung/web-dev/interview_challenges/musical-mash/src/components/container/SearchContainer.js","statementMap":{"0":{"start":{"line":9,"column":82},"end":{"line":9,"column":92}},"1":{"start":{"line":12,"column":2},"end":{"line":14,"column":3}},"2":{"start":{"line":13,"column":3},"end":{"line":13,"column":10}},"3":{"start":{"line":16,"column":29},"end":{"line":16,"column":46}},"4":{"start":{"line":17,"column":19},"end":{"line":17,"column":33}},"5":{"start":{"line":20,"column":2},"end":{"line":27,"column":3}},"6":{"start":{"line":21,"column":3},"end":{"line":21,"column":29}},"7":{"start":{"line":23,"column":3},"end":{"line":23,"column":27}},"8":{"start":{"line":24,"column":3},"end":{"line":24,"column":28}},"9":{"start":{"line":26,"column":3},"end":{"line":26,"column":33}},"10":{"start":{"line":31,"column":2},"end":{"line":35,"column":3}},"11":{"start":{"line":39,"column":24},"end":{"line":44,"column":1}},"12":{"start":{"line":40,"column":1},"end":{"line":43,"column":2}},"13":{"start":{"line":46,"column":27},"end":{"line":53,"column":1}},"14":{"start":{"line":47,"column":1},"end":{"line":52,"column":2}},"15":{"start":{"line":48,"column":25},"end":{"line":48,"column":60}},"16":{"start":{"line":49,"column":27},"end":{"line":49,"column":64}},"17":{"start":{"line":50,"column":33},"end":{"line":50,"column":76}},"18":{"start":{"line":51,"column":26},"end":{"line":51,"column":62}}},"fnMap":{"0":{"name":"(anonymous_0)","decl":{"start":{"line":8,"column":1},"end":{"line":8,"column":2}},"loc":{"start":{"line":8,"column":21},"end":{"line":28,"column":2}},"line":8},"1":{"name":"(anonymous_1)","decl":{"start":{"line":30,"column":1},"end":{"line":30,"column":2}},"loc":{"start":{"line":30,"column":10},"end":{"line":36,"column":2}},"line":30},"2":{"name":"(anonymous_2)","decl":{"start":{"line":39,"column":24},"end":{"line":39,"column":25}},"loc":{"start":{"line":39,"column":35},"end":{"line":44,"column":1}},"line":39},"3":{"name":"(anonymous_3)","decl":{"start":{"line":46,"column":27},"end":{"line":46,"column":28}},"loc":{"start":{"line":46,"column":41},"end":{"line":53,"column":1}},"line":46},"4":{"name":"(anonymous_4)","decl":{"start":{"line":48,"column":15},"end":{"line":48,"column":16}},"loc":{"start":{"line":48,"column":25},"end":{"line":48,"column":60}},"line":48},"5":{"name":"(anonymous_5)","decl":{"start":{"line":49,"column":16},"end":{"line":49,"column":17}},"loc":{"start":{"line":49,"column":27},"end":{"line":49,"column":64}},"line":49},"6":{"name":"(anonymous_6)","decl":{"start":{"line":50,"column":17},"end":{"line":50,"column":18}},"loc":{"start":{"line":50,"column":33},"end":{"line":50,"column":76}},"line":50},"7":{"name":"(anonymous_7)","decl":{"start":{"line":51,"column":20},"end":{"line":51,"column":21}},"loc":{"start":{"line":51,"column":26},"end":{"line":51,"column":62}},"line":51}},"branchMap":{"0":{"loc":{"start":{"line":12,"column":2},"end":{"line":14,"column":3}},"type":"if","locations":[{"start":{"line":12,"column":2},"end":{"line":14,"column":3}},{"start":{"line":12,"column":2},"end":{"line":14,"column":3}}],"line":12},"1":{"loc":{"start":{"line":20,"column":2},"end":{"line":27,"column":3}},"type":"if","locations":[{"start":{"line":20,"column":2},"end":{"line":27,"column":3}},{"start":{"line":20,"column":2},"end":{"line":27,"column":3}}],"line":20}},"s":{"0":0,"1":0,"2":0,"3":0,"4":0,"5":0,"6":0,"7":0,"8":0,"9":0,"10":1,"11":2,"12":0,"13":2,"14":0,"15":0,"16":0,"17":0,"18":0},"f":{"0":0,"1":1,"2":0,"3":0,"4":0,"5":0,"6":0,"7":0},"b":{"0":[0,0],"1":[0,0]},"_coverageSchema":"332fd63041d2c1bcb487cc26dd0d5f7d97098a6c","hash":"3da834ea11b1ea8701df4b370f231a8e709cc27a"}
,"/Users/benjaminsoung/web-dev/interview_challenges/musical-mash/src/components/container/SongContainer.js": {"path":"/Users/benjaminsoung/web-dev/interview_challenges/musical-mash/src/components/container/SongContainer.js","statementMap":{"0":{"start":{"line":12,"column":28},"end":{"line":12,"column":38}},"1":{"start":{"line":14,"column":20},"end":{"line":14,"column":44}},"2":{"start":{"line":15,"column":23},"end":{"line":15,"column":37}},"3":{"start":{"line":17,"column":24},"end":{"line":17,"column":46}},"4":{"start":{"line":18,"column":21},"end":{"line":18,"column":53}},"5":{"start":{"line":20,"column":2},"end":{"line":38,"column":3}},"6":{"start":{"line":23,"column":3},"end":{"line":37,"column":4}},"7":{"start":{"line":24,"column":4},"end":{"line":24,"column":35}},"8":{"start":{"line":27,"column":10},"end":{"line":37,"column":4}},"9":{"start":{"line":29,"column":4},"end":{"line":31,"column":5}},"10":{"start":{"line":30,"column":5},"end":{"line":30,"column":36}},"11":{"start":{"line":34,"column":10},"end":{"line":37,"column":4}},"12":{"start":{"line":35,"column":4},"end":{"line":35,"column":35}},"13":{"start":{"line":42,"column":34},"end":{"line":42,"column":44}},"14":{"start":{"line":44,"column":24},"end":{"line":44,"column":47}},"15":{"start":{"line":46,"column":20},"end":{"line":46,"column":24}},"16":{"start":{"line":47,"column":19},"end":{"line":47,"column":23}},"17":{"start":{"line":50,"column":2},"end":{"line":52,"column":3}},"18":{"start":{"line":51,"column":3},"end":{"line":51,"column":26}},"19":{"start":{"line":54,"column":2},"end":{"line":54,"column":53}},"20":{"start":{"line":57,"column":2},"end":{"line":65,"column":3}},"21":{"start":{"line":58,"column":3},"end":{"line":58,"column":29}},"22":{"start":{"line":59,"column":3},"end":{"line":59,"column":42}},"23":{"start":{"line":61,"column":3},"end":{"line":61,"column":21}},"24":{"start":{"line":64,"column":4},"end":{"line":64,"column":50}},"25":{"start":{"line":69,"column":13},"end":{"line":69,"column":17}},"26":{"start":{"line":70,"column":15},"end":{"line":70,"column":20}},"27":{"start":{"line":72,"column":2},"end":{"line":84,"column":3}},"28":{"start":{"line":75,"column":3},"end":{"line":83,"column":4}},"29":{"start":{"line":76,"column":4},"end":{"line":80,"column":5}},"30":{"start":{"line":77,"column":5},"end":{"line":77,"column":19}},"31":{"start":{"line":79,"column":5},"end":{"line":79,"column":17}},"32":{"start":{"line":82,"column":4},"end":{"line":82,"column":50}},"33":{"start":{"line":88,"column":52},"end":{"line":88,"column":62}},"34":{"start":{"line":90,"column":2},"end":{"line":92,"column":3}},"35":{"start":{"line":91,"column":3},"end":{"line":91,"column":10}},"36":{"start":{"line":94,"column":21},"end":{"line":94,"column":56}},"37":{"start":{"line":95,"column":30},"end":{"line":95,"column":63}},"38":{"start":{"line":97,"column":2},"end":{"line":97,"column":41}},"39":{"start":{"line":99,"column":2},"end":{"line":101,"column":3}},"40":{"start":{"line":100,"column":3},"end":{"line":100,"column":29}},"41":{"start":{"line":105,"column":20},"end":{"line":105,"column":30}},"42":{"start":{"line":106,"column":19},"end":{"line":106,"column":23}},"43":{"start":{"line":108,"column":2},"end":{"line":119,"column":3}},"44":{"start":{"line":109,"column":3},"end":{"line":109,"column":48}},"45":{"start":{"line":113,"column":3},"end":{"line":118,"column":4}},"46":{"start":{"line":121,"column":2},"end":{"line":125,"column":3}},"47":{"start":{"line":129,"column":24},"end":{"line":134,"column":1}},"48":{"start":{"line":130,"column":1},"end":{"line":133,"column":2}},"49":{"start":{"line":136,"column":27},"end":{"line":142,"column":1}},"50":{"start":{"line":137,"column":4},"end":{"line":141,"column":5}},"51":{"start":{"line":138,"column":39},"end":{"line":138,"column":82}},"52":{"start":{"line":139,"column":33},"end":{"line":139,"column":70}},"53":{"start":{"line":140,"column":33},"end":{"line":140,"column":70}}},"fnMap":{"0":{"name":"(anonymous_0)","decl":{"start":{"line":11,"column":1},"end":{"line":11,"column":2}},"loc":{"start":{"line":11,"column":32},"end":{"line":39,"column":2}},"line":11},"1":{"name":"(anonymous_1)","decl":{"start":{"line":41,"column":1},"end":{"line":41,"column":2}},"loc":{"start":{"line":41,"column":42},"end":{"line":66,"column":2}},"line":41},"2":{"name":"(anonymous_2)","decl":{"start":{"line":68,"column":1},"end":{"line":68,"column":2}},"loc":{"start":{"line":68,"column":25},"end":{"line":85,"column":2}},"line":68},"3":{"name":"(anonymous_3)","decl":{"start":{"line":87,"column":1},"end":{"line":87,"column":2}},"loc":{"start":{"line":87,"column":30},"end":{"line":102,"column":2}},"line":87},"4":{"name":"(anonymous_4)","decl":{"start":{"line":104,"column":1},"end":{"line":104,"column":2}},"loc":{"start":{"line":104,"column":10},"end":{"line":126,"column":2}},"line":104},"5":{"name":"(anonymous_5)","decl":{"start":{"line":129,"column":24},"end":{"line":129,"column":25}},"loc":{"start":{"line":129,"column":35},"end":{"line":134,"column":1}},"line":129},"6":{"name":"(anonymous_6)","decl":{"start":{"line":136,"column":27},"end":{"line":136,"column":28}},"loc":{"start":{"line":136,"column":41},"end":{"line":142,"column":1}},"line":136},"7":{"name":"(anonymous_7)","decl":{"start":{"line":138,"column":25},"end":{"line":138,"column":26}},"loc":{"start":{"line":138,"column":39},"end":{"line":138,"column":82}},"line":138},"8":{"name":"(anonymous_8)","decl":{"start":{"line":139,"column":23},"end":{"line":139,"column":24}},"loc":{"start":{"line":139,"column":33},"end":{"line":139,"column":70}},"line":139},"9":{"name":"(anonymous_9)","decl":{"start":{"line":140,"column":22},"end":{"line":140,"column":23}},"loc":{"start":{"line":140,"column":33},"end":{"line":140,"column":70}},"line":140}},"branchMap":{"0":{"loc":{"start":{"line":20,"column":2},"end":{"line":38,"column":3}},"type":"if","locations":[{"start":{"line":20,"column":2},"end":{"line":38,"column":3}},{"start":{"line":20,"column":2},"end":{"line":38,"column":3}}],"line":20},"1":{"loc":{"start":{"line":23,"column":3},"end":{"line":37,"column":4}},"type":"if","locations":[{"start":{"line":23,"column":3},"end":{"line":37,"column":4}},{"start":{"line":23,"column":3},"end":{"line":37,"column":4}}],"line":23},"2":{"loc":{"start":{"line":23,"column":7},"end":{"line":23,"column":60}},"type":"binary-expr","locations":[{"start":{"line":23,"column":7},"end":{"line":23,"column":28}},{"start":{"line":23,"column":32},"end":{"line":23,"column":60}}],"line":23},"3":{"loc":{"start":{"line":27,"column":10},"end":{"line":37,"column":4}},"type":"if","locations":[{"start":{"line":27,"column":10},"end":{"line":37,"column":4}},{"start":{"line":27,"column":10},"end":{"line":37,"column":4}}],"line":27},"4":{"loc":{"start":{"line":27,"column":14},"end":{"line":27,"column":61}},"type":"binary-expr","locations":[{"start":{"line":27,"column":14},"end":{"line":27,"column":37}},{"start":{"line":27,"column":41},"end":{"line":27,"column":61}}],"line":27},"5":{"loc":{"start":{"line":29,"column":4},"end":{"line":31,"column":5}},"type":"if","locations":[{"start":{"line":29,"column":4},"end":{"line":31,"column":5}},{"start":{"line":29,"column":4},"end":{"line":31,"column":5}}],"line":29},"6":{"loc":{"start":{"line":34,"column":10},"end":{"line":37,"column":4}},"type":"if","locations":[{"start":{"line":34,"column":10},"end":{"line":37,"column":4}},{"start":{"line":34,"column":10},"end":{"line":37,"column":4}}],"line":34},"7":{"loc":{"start":{"line":34,"column":14},"end":{"line":34,"column":61}},"type":"binary-expr","locations":[{"start":{"line":34,"column":14},"end":{"line":34,"column":37}},{"start":{"line":34,"column":41},"end":{"line":34,"column":61}}],"line":34},"8":{"loc":{"start":{"line":50,"column":2},"end":{"line":52,"column":3}},"type":"if","locations":[{"start":{"line":50,"column":2},"end":{"line":52,"column":3}},{"start":{"line":50,"column":2},"end":{"line":52,"column":3}}],"line":50},"9":{"loc":{"start":{"line":57,"column":2},"end":{"line":65,"column":3}},"type":"if","locations":[{"start":{"line":57,"column":2},"end":{"line":65,"column":3}},{"start":{"line":57,"column":2},"end":{"line":65,"column":3}}],"line":57},"10":{"loc":{"start":{"line":57,"column":6},"end":{"line":57,"column":63}},"type":"binary-expr","locations":[{"start":{"line":57,"column":6},"end":{"line":57,"column":35}},{"start":{"line":57,"column":39},"end":{"line":57,"column":63}}],"line":57},"11":{"loc":{"start":{"line":72,"column":2},"end":{"line":84,"column":3}},"type":"if","locations":[{"start":{"line":72,"column":2},"end":{"line":84,"column":3}},{"start":{"line":72,"column":2},"end":{"line":84,"column":3}}],"line":72},"12":{"loc":{"start":{"line":76,"column":4},"end":{"line":80,"column":5}},"type":"if","locations":[{"start":{"line":76,"column":4},"end":{"line":80,"column":5}},{"start":{"line":76,"column":4},"end":{"line":80,"column":5}}],"line":76},"13":{"loc":{"start":{"line":76,"column":8},"end":{"line":76,"column":43}},"type":"binary-expr","locations":[{"start":{"line":76,"column":8},"end":{"line":76,"column":26}},{"start":{"line":76,"column":30},"end":{"line":76,"column":43}}],"line":76},"14":{"loc":{"start":{"line":90,"column":2},"end":{"line":92,"column":3}},"type":"if","locations":[{"start":{"line":90,"column":2},"end":{"line":92,"column":3}},{"start":{"line":90,"column":2},"end":{"line":92,"column":3}}],"line":90},"15":{"loc":{"start":{"line":95,"column":30},"end":{"line":95,"column":63}},"type":"binary-expr","locations":[{"start":{"line":95,"column":31},"end":{"line":95,"column":57}},{"start":{"line":95,"column":62},"end":{"line":95,"column":63}}],"line":95},"16":{"loc":{"start":{"line":99,"column":2},"end":{"line":101,"column":3}},"type":"if","locations":[{"start":{"line":99,"column":2},"end":{"line":101,"column":3}},{"start":{"line":99,"column":2},"end":{"line":101,"column":3}}],"line":99},"17":{"loc":{"start":{"line":108,"column":2},"end":{"line":119,"column":3}},"type":"if","locations":[{"start":{"line":108,"column":2},"end":{"line":119,"column":3}},{"start":{"line":108,"column":2},"end":{"line":119,"column":3}}],"line":108}},"s":{"0":0,"1":0,"2":0,"3":0,"4":0,"5":0,"6":0,"7":0,"8":0,"9":0,"10":0,"11":0,"12":0,"13":0,"14":0,"15":0,"16":0,"17":0,"18":0,"19":0,"20":0,"21":0,"22":0,"23":0,"24":0,"25":0,"26":0,"27":0,"28":0,"29":0,"30":0,"31":0,"32":0,"33":0,"34":0,"35":0,"36":0,"37":0,"38":0,"39":0,"40":0,"41":1,"42":1,"43":1,"44":1,"45":0,"46":1,"47":2,"48":0,"49":2,"50":0,"51":0,"52":0,"53":0},"f":{"0":0,"1":0,"2":0,"3":0,"4":1,"5":0,"6":0,"7":0,"8":0,"9":0},"b":{"0":[0,0],"1":[0,0],"2":[0,0],"3":[0,0],"4":[0,0],"5":[0,0],"6":[0,0],"7":[0,0],"8":[0,0],"9":[0,0],"10":[0,0],"11":[0,0],"12":[0,0],"13":[0,0],"14":[0,0],"15":[0,0],"16":[0,0],"17":[1,0]},"_coverageSchema":"332fd63041d2c1bcb487cc26dd0d5f7d97098a6c","hash":"bc7187ebfe36978ceb12255aa9ffd7a8e0e1de58"}
,"/Users/benjaminsoung/web-dev/interview_challenges/musical-mash/src/components/container/VideoContainer.js": {"path":"/Users/benjaminsoung/web-dev/interview_challenges/musical-mash/src/components/container/VideoContainer.js","statementMap":{"0":{"start":{"line":9,"column":29},"end":{"line":9,"column":39}},"1":{"start":{"line":11,"column":21},"end":{"line":11,"column":47}},"2":{"start":{"line":12,"column":24},"end":{"line":12,"column":40}},"3":{"start":{"line":14,"column":24},"end":{"line":14,"column":46}},"4":{"start":{"line":15,"column":21},"end":{"line":15,"column":53}},"5":{"start":{"line":17,"column":2},"end":{"line":35,"column":3}},"6":{"start":{"line":20,"column":3},"end":{"line":34,"column":4}},"7":{"start":{"line":21,"column":4},"end":{"line":21,"column":37}},"8":{"start":{"line":24,"column":10},"end":{"line":34,"column":4}},"9":{"start":{"line":26,"column":4},"end":{"line":28,"column":5}},"10":{"start":{"line":27,"column":5},"end":{"line":27,"column":38}},"11":{"start":{"line":31,"column":10},"end":{"line":34,"column":4}},"12":{"start":{"line":32,"column":4},"end":{"line":32,"column":37}},"13":{"start":{"line":39,"column":43},"end":{"line":39,"column":53}},"14":{"start":{"line":40,"column":17},"end":{"line":40,"column":30}},"15":{"start":{"line":43,"column":2},"end":{"line":59,"column":3}},"16":{"start":{"line":45,"column":3},"end":{"line":48,"column":4}},"17":{"start":{"line":46,"column":4},"end":{"line":46,"column":31}},"18":{"start":{"line":47,"column":4},"end":{"line":47,"column":23}},"19":{"start":{"line":50,"column":3},"end":{"line":58,"column":4}},"20":{"start":{"line":52,"column":4},"end":{"line":52,"column":23}},"21":{"start":{"line":53,"column":4},"end":{"line":53,"column":18}},"22":{"start":{"line":57,"column":4},"end":{"line":57,"column":24}},"23":{"start":{"line":63,"column":37},"end":{"line":63,"column":47}},"24":{"start":{"line":65,"column":2},"end":{"line":65,"column":27}},"25":{"start":{"line":69,"column":36},"end":{"line":69,"column":46}},"26":{"start":{"line":71,"column":24},"end":{"line":71,"column":49}},"27":{"start":{"line":72,"column":20},"end":{"line":72,"column":24}},"28":{"start":{"line":73,"column":20},"end":{"line":73,"column":24}},"29":{"start":{"line":76,"column":2},"end":{"line":78,"column":3}},"30":{"start":{"line":77,"column":3},"end":{"line":77,"column":27}},"31":{"start":{"line":80,"column":2},"end":{"line":80,"column":54}},"32":{"start":{"line":82,"column":2},"end":{"line":91,"column":3}},"33":{"start":{"line":83,"column":3},"end":{"line":83,"column":30}},"34":{"start":{"line":84,"column":3},"end":{"line":84,"column":44}},"35":{"start":{"line":86,"column":3},"end":{"line":86,"column":22}},"36":{"start":{"line":90,"column":4},"end":{"line":90,"column":52}},"37":{"start":{"line":95,"column":14},"end":{"line":95,"column":18}},"38":{"start":{"line":96,"column":15},"end":{"line":96,"column":20}},"39":{"start":{"line":98,"column":2},"end":{"line":108,"column":3}},"40":{"start":{"line":100,"column":3},"end":{"line":107,"column":4}},"41":{"start":{"line":101,"column":4},"end":{"line":104,"column":5}},"42":{"start":{"line":102,"column":5},"end":{"line":102,"column":19}},"43":{"start":{"line":103,"column":5},"end":{"line":103,"column":18}},"44":{"start":{"line":106,"column":4},"end":{"line":106,"column":53}},"45":{"start":{"line":112,"column":37},"end":{"line":112,"column":47}},"46":{"start":{"line":114,"column":2},"end":{"line":116,"column":3}},"47":{"start":{"line":115,"column":3},"end":{"line":115,"column":10}},"48":{"start":{"line":118,"column":22},"end":{"line":118,"column":59}},"49":{"start":{"line":122,"column":2},"end":{"line":124,"column":3}},"50":{"start":{"line":123,"column":3},"end":{"line":123,"column":31}},"51":{"start":{"line":128,"column":28},"end":{"line":128,"column":38}},"52":{"start":{"line":129,"column":22},"end":{"line":129,"column":47}},"53":{"start":{"line":131,"column":2},"end":{"line":167,"column":3}},"54":{"start":{"line":132,"column":17},"end":{"line":132,"column":47}},"55":{"start":{"line":134,"column":14},"end":{"line":148,"column":6}},"56":{"start":{"line":150,"column":3},"end":{"line":158,"column":4}},"57":{"start":{"line":162,"column":3},"end":{"line":166,"column":4}},"58":{"start":{"line":171,"column":24},"end":{"line":177,"column":1}},"59":{"start":{"line":172,"column":1},"end":{"line":176,"column":2}},"60":{"start":{"line":179,"column":27},"end":{"line":186,"column":1}},"61":{"start":{"line":180,"column":1},"end":{"line":185,"column":2}},"62":{"start":{"line":181,"column":35},"end":{"line":181,"column":80}},"63":{"start":{"line":182,"column":29},"end":{"line":182,"column":68}},"64":{"start":{"line":183,"column":28},"end":{"line":183,"column":66}},"65":{"start":{"line":184,"column":27},"end":{"line":184,"column":64}}},"fnMap":{"0":{"name":"(anonymous_0)","decl":{"start":{"line":8,"column":1},"end":{"line":8,"column":2}},"loc":{"start":{"line":8,"column":32},"end":{"line":36,"column":2}},"line":8},"1":{"name":"(anonymous_1)","decl":{"start":{"line":38,"column":1},"end":{"line":38,"column":2}},"loc":{"start":{"line":38,"column":22},"end":{"line":60,"column":2}},"line":38},"2":{"name":"(anonymous_2)","decl":{"start":{"line":62,"column":1},"end":{"line":62,"column":2}},"loc":{"start":{"line":62,"column":12},"end":{"line":66,"column":3}},"line":62},"3":{"name":"(anonymous_3)","decl":{"start":{"line":68,"column":1},"end":{"line":68,"column":2}},"loc":{"start":{"line":68,"column":44},"end":{"line":92,"column":2}},"line":68},"4":{"name":"(anonymous_4)","decl":{"start":{"line":94,"column":1},"end":{"line":94,"column":2}},"loc":{"start":{"line":94,"column":27},"end":{"line":109,"column":2}},"line":94},"5":{"name":"(anonymous_5)","decl":{"start":{"line":111,"column":1},"end":{"line":111,"column":2}},"loc":{"start":{"line":111,"column":32},"end":{"line":125,"column":2}},"line":111},"6":{"name":"(anonymous_6)","decl":{"start":{"line":127,"column":1},"end":{"line":127,"column":2}},"loc":{"start":{"line":127,"column":10},"end":{"line":168,"column":2}},"line":127},"7":{"name":"(anonymous_7)","decl":{"start":{"line":171,"column":24},"end":{"line":171,"column":25}},"loc":{"start":{"line":171,"column":35},"end":{"line":177,"column":1}},"line":171},"8":{"name":"(anonymous_8)","decl":{"start":{"line":179,"column":27},"end":{"line":179,"column":28}},"loc":{"start":{"line":179,"column":41},"end":{"line":186,"column":1}},"line":179},"9":{"name":"(anonymous_9)","decl":{"start":{"line":181,"column":18},"end":{"line":181,"column":19}},"loc":{"start":{"line":181,"column":35},"end":{"line":181,"column":80}},"line":181},"10":{"name":"(anonymous_10)","decl":{"start":{"line":182,"column":18},"end":{"line":182,"column":19}},"loc":{"start":{"line":182,"column":29},"end":{"line":182,"column":68}},"line":182},"11":{"name":"(anonymous_11)","decl":{"start":{"line":183,"column":17},"end":{"line":183,"column":18}},"loc":{"start":{"line":183,"column":28},"end":{"line":183,"column":66}},"line":183},"12":{"name":"(anonymous_12)","decl":{"start":{"line":184,"column":17},"end":{"line":184,"column":18}},"loc":{"start":{"line":184,"column":27},"end":{"line":184,"column":64}},"line":184}},"branchMap":{"0":{"loc":{"start":{"line":17,"column":2},"end":{"line":35,"column":3}},"type":"if","locations":[{"start":{"line":17,"column":2},"end":{"line":35,"column":3}},{"start":{"line":17,"column":2},"end":{"line":35,"column":3}}],"line":17},"1":{"loc":{"start":{"line":20,"column":3},"end":{"line":34,"column":4}},"type":"if","locations":[{"start":{"line":20,"column":3},"end":{"line":34,"column":4}},{"start":{"line":20,"column":3},"end":{"line":34,"column":4}}],"line":20},"2":{"loc":{"start":{"line":20,"column":7},"end":{"line":20,"column":61}},"type":"binary-expr","locations":[{"start":{"line":20,"column":7},"end":{"line":20,"column":29}},{"start":{"line":20,"column":33},"end":{"line":20,"column":61}}],"line":20},"3":{"loc":{"start":{"line":24,"column":10},"end":{"line":34,"column":4}},"type":"if","locations":[{"start":{"line":24,"column":10},"end":{"line":34,"column":4}},{"start":{"line":24,"column":10},"end":{"line":34,"column":4}}],"line":24},"4":{"loc":{"start":{"line":24,"column":14},"end":{"line":24,"column":63}},"type":"binary-expr","locations":[{"start":{"line":24,"column":14},"end":{"line":24,"column":38}},{"start":{"line":24,"column":42},"end":{"line":24,"column":63}}],"line":24},"5":{"loc":{"start":{"line":26,"column":4},"end":{"line":28,"column":5}},"type":"if","locations":[{"start":{"line":26,"column":4},"end":{"line":28,"column":5}},{"start":{"line":26,"column":4},"end":{"line":28,"column":5}}],"line":26},"6":{"loc":{"start":{"line":31,"column":10},"end":{"line":34,"column":4}},"type":"if","locations":[{"start":{"line":31,"column":10},"end":{"line":34,"column":4}},{"start":{"line":31,"column":10},"end":{"line":34,"column":4}}],"line":31},"7":{"loc":{"start":{"line":31,"column":14},"end":{"line":31,"column":63}},"type":"binary-expr","locations":[{"start":{"line":31,"column":14},"end":{"line":31,"column":38}},{"start":{"line":31,"column":42},"end":{"line":31,"column":63}}],"line":31},"8":{"loc":{"start":{"line":43,"column":2},"end":{"line":59,"column":3}},"type":"if","locations":[{"start":{"line":43,"column":2},"end":{"line":59,"column":3}},{"start":{"line":43,"column":2},"end":{"line":59,"column":3}}],"line":43},"9":{"loc":{"start":{"line":45,"column":3},"end":{"line":48,"column":4}},"type":"if","locations":[{"start":{"line":45,"column":3},"end":{"line":48,"column":4}},{"start":{"line":45,"column":3},"end":{"line":48,"column":4}}],"line":45},"10":{"loc":{"start":{"line":50,"column":3},"end":{"line":58,"column":4}},"type":"if","locations":[{"start":{"line":50,"column":3},"end":{"line":58,"column":4}},{"start":{"line":50,"column":3},"end":{"line":58,"column":4}}],"line":50},"11":{"loc":{"start":{"line":76,"column":2},"end":{"line":78,"column":3}},"type":"if","locations":[{"start":{"line":76,"column":2},"end":{"line":78,"column":3}},{"start":{"line":76,"column":2},"end":{"line":78,"column":3}}],"line":76},"12":{"loc":{"start":{"line":82,"column":2},"end":{"line":91,"column":3}},"type":"if","locations":[{"start":{"line":82,"column":2},"end":{"line":91,"column":3}},{"start":{"line":82,"column":2},"end":{"line":91,"column":3}}],"line":82},"13":{"loc":{"start":{"line":82,"column":6},"end":{"line":82,"column":64}},"type":"binary-expr","locations":[{"start":{"line":82,"column":6},"end":{"line":82,"column":35}},{"start":{"line":82,"column":39},"end":{"line":82,"column":64}}],"line":82},"14":{"loc":{"start":{"line":98,"column":2},"end":{"line":108,"column":3}},"type":"if","locations":[{"start":{"line":98,"column":2},"end":{"line":108,"column":3}},{"start":{"line":98,"column":2},"end":{"line":108,"column":3}}],"line":98},"15":{"loc":{"start":{"line":101,"column":4},"end":{"line":104,"column":5}},"type":"if","locations":[{"start":{"line":101,"column":4},"end":{"line":104,"column":5}},{"start":{"line":101,"column":4},"end":{"line":104,"column":5}}],"line":101},"16":{"loc":{"start":{"line":101,"column":8},"end":{"line":101,"column":45}},"type":"binary-expr","locations":[{"start":{"line":101,"column":8},"end":{"line":101,"column":27}},{"start":{"line":101,"column":31},"end":{"line":101,"column":45}}],"line":101},"17":{"loc":{"start":{"line":114,"column":2},"end":{"line":116,"column":3}},"type":"if","locations":[{"start":{"line":114,"column":2},"end":{"line":116,"column":3}},{"start":{"line":114,"column":2},"end":{"line":116,"column":3}}],"line":114},"18":{"loc":{"start":{"line":122,"column":2},"end":{"line":124,"column":3}},"type":"if","locations":[{"start":{"line":122,"column":2},"end":{"line":124,"column":3}},{"start":{"line":122,"column":2},"end":{"line":124,"column":3}}],"line":122},"19":{"loc":{"start":{"line":131,"column":2},"end":{"line":167,"column":3}},"type":"if","locations":[{"start":{"line":131,"column":2},"end":{"line":167,"column":3}},{"start":{"line":131,"column":2},"end":{"line":167,"column":3}}],"line":131}},"s":{"0":0,"1":0,"2":0,"3":0,"4":0,"5":0,"6":0,"7":0,"8":0,"9":0,"10":0,"11":0,"12":0,"13":0,"14":0,"15":0,"16":0,"17":0,"18":0,"19":0,"20":0,"21":0,"22":0,"23":0,"24":0,"25":0,"26":0,"27":0,"28":0,"29":0,"30":0,"31":0,"32":0,"33":0,"34":0,"35":0,"36":0,"37":0,"38":0,"39":0,"40":0,"41":0,"42":0,"43":0,"44":0,"45":0,"46":0,"47":0,"48":0,"49":0,"50":0,"51":0,"52":0,"53":0,"54":0,"55":0,"56":0,"57":0,"58":1,"59":0,"60":1,"61":0,"62":0,"63":0,"64":0,"65":0},"f":{"0":0,"1":0,"2":0,"3":0,"4":0,"5":0,"6":0,"7":0,"8":0,"9":0,"10":0,"11":0,"12":0},"b":{"0":[0,0],"1":[0,0],"2":[0,0],"3":[0,0],"4":[0,0],"5":[0,0],"6":[0,0],"7":[0,0],"8":[0,0],"9":[0,0],"10":[0,0],"11":[0,0],"12":[0,0],"13":[0,0],"14":[0,0],"15":[0,0],"16":[0,0],"17":[0,0],"18":[0,0],"19":[0,0]},"_coverageSchema":"332fd63041d2c1bcb487cc26dd0d5f7d97098a6c","hash":"259642466c769a8f67b6b774fc6fcf47ade30c2b"}
,"/Users/benjaminsoung/web-dev/interview_challenges/musical-mash/src/components/container/index.js": {"path":"/Users/benjaminsoung/web-dev/interview_challenges/musical-mash/src/components/container/index.js","statementMap":{},"fnMap":{},"branchMap":{},"s":{},"f":{},"b":{},"_coverageSchema":"332fd63041d2c1bcb487cc26dd0d5f7d97098a6c","hash":"4d1fbff8f18efecb535834bf25040423852d07a5"}
,"/Users/benjaminsoung/web-dev/interview_challenges/musical-mash/src/components/layout/LandingLayout.js": {"path":"/Users/benjaminsoung/web-dev/interview_challenges/musical-mash/src/components/layout/LandingLayout.js","statementMap":{"0":{"start":{"line":6,"column":2},"end":{"line":13,"column":3}}},"fnMap":{"0":{"name":"(anonymous_0)","decl":{"start":{"line":5,"column":1},"end":{"line":5,"column":2}},"loc":{"start":{"line":5,"column":10},"end":{"line":14,"column":2}},"line":5}},"branchMap":{},"s":{"0":1},"f":{"0":1},"b":{},"_coverageSchema":"332fd63041d2c1bcb487cc26dd0d5f7d97098a6c","hash":"f81f9c62c02e9d64d2bcd6b3d5715b4d6554da1b"}
,"/Users/benjaminsoung/web-dev/interview_challenges/musical-mash/src/components/view/SearchView.js": {"path":"/Users/benjaminsoung/web-dev/interview_challenges/musical-mash/src/components/view/SearchView.js","statementMap":{"0":{"start":{"line":5,"column":2},"end":{"line":16,"column":3}}},"fnMap":{"0":{"name":"(anonymous_0)","decl":{"start":{"line":4,"column":1},"end":{"line":4,"column":2}},"loc":{"start":{"line":4,"column":10},"end":{"line":17,"column":2}},"line":4}},"branchMap":{},"s":{"0":1},"f":{"0":1},"b":{},"_coverageSchema":"332fd63041d2c1bcb487cc26dd0d5f7d97098a6c","hash":"b9155c2848be66a36a789b530ffc4c332dea4d32"}
,"/Users/benjaminsoung/web-dev/interview_challenges/musical-mash/src/components/view/index.js": {"path":"/Users/benjaminsoung/web-dev/interview_challenges/musical-mash/src/components/view/index.js","statementMap":{},"fnMap":{},"branchMap":{},"s":{},"f":{},"b":{},"_coverageSchema":"332fd63041d2c1bcb487cc26dd0d5f7d97098a6c","hash":"114a263d359221a9a7cc47982ccee42f6bb0d6f4"}
,"/Users/benjaminsoung/web-dev/interview_challenges/musical-mash/src/constants/index.js": {"path":"/Users/benjaminsoung/web-dev/interview_challenges/musical-mash/src/constants/index.js","statementMap":{},"fnMap":{},"branchMap":{},"s":{},"f":{},"b":{},"_coverageSchema":"332fd63041d2c1bcb487cc26dd0d5f7d97098a6c","hash":"8b24e8aaf10fb71b64ace3e2898b1f626aedffcb"}
,"/Users/benjaminsoung/web-dev/interview_challenges/musical-mash/src/secret/index.js": {"path":"/Users/benjaminsoung/web-dev/interview_challenges/musical-mash/src/secret/index.js","statementMap":{},"fnMap":{},"branchMap":{},"s":{},"f":{},"b":{},"_coverageSchema":"332fd63041d2c1bcb487cc26dd0d5f7d97098a6c","hash":"d05fc000b36e87868b61deb5c782c27e2d2c597f"}
,"/Users/benjaminsoung/web-dev/interview_challenges/musical-mash/src/utils/APIManager.js": {"path":"/Users/benjaminsoung/web-dev/interview_challenges/musical-mash/src/utils/APIManager.js","statementMap":{"0":{"start":{"line":6,"column":2},"end":{"line":25,"column":5}},"1":{"start":{"line":7,"column":3},"end":{"line":23,"column":7}},"2":{"start":{"line":12,"column":5},"end":{"line":15,"column":6}},"3":{"start":{"line":13,"column":6},"end":{"line":13,"column":18}},"4":{"start":{"line":14,"column":6},"end":{"line":14,"column":13}},"5":{"start":{"line":17,"column":5},"end":{"line":20,"column":6}},"6":{"start":{"line":18,"column":6},"end":{"line":18,"column":47}},"7":{"start":{"line":19,"column":6},"end":{"line":19,"column":13}},"8":{"start":{"line":22,"column":5},"end":{"line":22,"column":28}}},"fnMap":{"0":{"name":"(anonymous_0)","decl":{"start":{"line":5,"column":6},"end":{"line":5,"column":7}},"loc":{"start":{"line":5,"column":23},"end":{"line":26,"column":2}},"line":5},"1":{"name":"(anonymous_1)","decl":{"start":{"line":6,"column":21},"end":{"line":6,"column":22}},"loc":{"start":{"line":6,"column":42},"end":{"line":25,"column":3}},"line":6},"2":{"name":"(anonymous_2)","decl":{"start":{"line":11,"column":9},"end":{"line":11,"column":10}},"loc":{"start":{"line":11,"column":28},"end":{"line":23,"column":5}},"line":11}},"branchMap":{"0":{"loc":{"start":{"line":12,"column":5},"end":{"line":15,"column":6}},"type":"if","locations":[{"start":{"line":12,"column":5},"end":{"line":15,"column":6}},{"start":{"line":12,"column":5},"end":{"line":15,"column":6}}],"line":12},"1":{"loc":{"start":{"line":17,"column":5},"end":{"line":20,"column":6}},"type":"if","locations":[{"start":{"line":17,"column":5},"end":{"line":20,"column":6}},{"start":{"line":17,"column":5},"end":{"line":20,"column":6}}],"line":17}},"s":{"0":0,"1":0,"2":0,"3":0,"4":0,"5":0,"6":0,"7":0,"8":0},"f":{"0":0,"1":0,"2":0},"b":{"0":[0,0],"1":[0,0]},"_coverageSchema":"332fd63041d2c1bcb487cc26dd0d5f7d97098a6c","hash":"15a6e857b35be6b93a438f7ab01b14491a5b15f0"}
,"/Users/benjaminsoung/web-dev/interview_challenges/musical-mash/src/utils/index.js": {"path":"/Users/benjaminsoung/web-dev/interview_challenges/musical-mash/src/utils/index.js","statementMap":{},"fnMap":{},"branchMap":{},"s":{},"f":{},"b":{},"_coverageSchema":"332fd63041d2c1bcb487cc26dd0d5f7d97098a6c","hash":"8e6dc00b52501f68aa699083887004c808a6b20a"}
}
