TN:
SF:/Users/benjaminsoung/web-dev/interview_challenges/musical-mash/src/actions/index.js
FN:8,(anonymous_0)
FN:9,(anonymous_1)
FN:12,(anonymous_2)
FN:23,(anonymous_3)
FN:35,searchVideos
FN:36,(anonymous_5)
FN:43,searchSongs
FN:44,(anonymous_7)
FN:55,setSearchTerm
FN:66,setSongDuration
FN:73,setSongIndex
FN:80,setRandomSong
FN:87,setSongState
FN:98,setVideoPlayer
FN:105,setVideoIndex
FN:112,setRandomVideo
FN:119,setVideoState
FN:131,newMediaSearched
FNF:18
FNH:0
FNDA:0,(anonymous_0)
FNDA:0,(anonymous_1)
FNDA:0,(anonymous_2)
FNDA:0,(anonymous_3)
FNDA:0,searchVideos
FNDA:0,(anonymous_5)
FNDA:0,searchSongs
FNDA:0,(anonymous_7)
FNDA:0,setSearchTerm
FNDA:0,setSongDuration
FNDA:0,setSongIndex
FNDA:0,setRandomSong
FNDA:0,setSongState
FNDA:0,setVideoPlayer
FNDA:0,setVideoIndex
FNDA:0,setRandomVideo
FNDA:0,setVideoState
FNDA:0,newMediaSearched
DA:8,4
DA:9,0
DA:10,0
DA:13,0
DA:15,0
DA:21,0
DA:24,0
DA:36,0
DA:37,0
DA:44,0
DA:45,0
DA:56,0
DA:67,0
DA:74,0
DA:81,0
DA:88,0
DA:99,0
DA:106,0
DA:113,0
DA:120,0
DA:132,0
LF:21
LH:1
BRF:0
BRH:0
end_of_record
TN:
SF:/Users/benjaminsoung/web-dev/interview_challenges/musical-mash/src/components/container/MusicPlayerContainer.js
FN:7,(anonymous_0)
FN:26,(anonymous_1)
FN:39,(anonymous_2)
FN:73,(anonymous_3)
FN:80,(anonymous_4)
FN:82,(anonymous_5)
FNF:6
FNH:1
FNDA:0,(anonymous_0)
FNDA:0,(anonymous_1)
FNDA:1,(anonymous_2)
FNDA:0,(anonymous_3)
FNDA:0,(anonymous_4)
FNDA:0,(anonymous_5)
DA:8,0
DA:10,0
DA:11,0
DA:14,0
DA:15,0
DA:17,0
DA:21,0
DA:22,0
DA:27,0
DA:30,0
DA:31,0
DA:35,0
DA:40,1
DA:42,1
DA:43,1
DA:51,0
DA:53,0
DA:73,3
DA:74,0
DA:80,3
DA:81,0
DA:82,0
LF:22
LH:5
BRDA:14,0,0,0
BRDA:14,0,1,0
BRDA:14,1,0,0
BRDA:14,1,1,0
BRDA:21,2,0,0
BRDA:21,2,1,0
BRDA:21,3,0,0
BRDA:21,3,1,0
BRDA:30,4,0,0
BRDA:30,4,1,0
BRDA:42,5,0,1
BRDA:42,5,1,0
BRDA:56,6,0,0
BRDA:56,6,1,0
BRF:14
BRH:1
end_of_record
TN:
SF:/Users/benjaminsoung/web-dev/interview_challenges/musical-mash/src/components/container/SearchContainer.js
FN:8,(anonymous_0)
FN:31,(anonymous_1)
FN:40,(anonymous_2)
FN:47,(anonymous_3)
FN:49,(anonymous_4)
FN:50,(anonymous_5)
FN:51,(anonymous_6)
FN:52,(anonymous_7)
FNF:8
FNH:1
FNDA:0,(anonymous_0)
FNDA:1,(anonymous_1)
FNDA:0,(anonymous_2)
FNDA:0,(anonymous_3)
FNDA:0,(anonymous_4)
FNDA:0,(anonymous_5)
FNDA:0,(anonymous_6)
FNDA:0,(anonymous_7)
DA:9,0
DA:12,0
DA:13,0
DA:16,0
DA:17,0
DA:20,0
DA:21,0
DA:23,0
DA:24,0
DA:27,0
DA:32,1
DA:40,2
DA:41,0
DA:47,2
DA:48,0
DA:49,0
DA:50,0
DA:51,0
DA:52,0
LF:19
LH:3
BRDA:12,0,0,0
BRDA:12,0,1,0
BRDA:20,1,0,0
BRDA:20,1,1,0
BRF:4
BRH:0
end_of_record
TN:
SF:/Users/benjaminsoung/web-dev/interview_challenges/musical-mash/src/components/container/SongContainer.js
FN:11,(anonymous_0)
FN:41,(anonymous_1)
FN:68,(anonymous_2)
FN:87,(anonymous_3)
FN:104,(anonymous_4)
FN:129,(anonymous_5)
FN:136,(anonymous_6)
FN:138,(anonymous_7)
FN:139,(anonymous_8)
FN:140,(anonymous_9)
FNF:10
FNH:1
FNDA:0,(anonymous_0)
FNDA:0,(anonymous_1)
FNDA:0,(anonymous_2)
FNDA:0,(anonymous_3)
FNDA:1,(anonymous_4)
FNDA:0,(anonymous_5)
FNDA:0,(anonymous_6)
FNDA:0,(anonymous_7)
FNDA:0,(anonymous_8)
FNDA:0,(anonymous_9)
DA:12,0
DA:14,0
DA:15,0
DA:17,0
DA:18,0
DA:20,0
DA:23,0
DA:24,0
DA:27,0
DA:29,0
DA:30,0
DA:34,0
DA:35,0
DA:42,0
DA:44,0
DA:46,0
DA:47,0
DA:50,0
DA:51,0
DA:54,0
DA:57,0
DA:58,0
DA:59,0
DA:61,0
DA:64,0
DA:69,0
DA:70,0
DA:72,0
DA:75,0
DA:76,0
DA:77,0
DA:79,0
DA:82,0
DA:88,0
DA:90,0
DA:91,0
DA:94,0
DA:95,0
DA:97,0
DA:99,0
DA:100,0
DA:105,1
DA:106,1
DA:108,1
DA:109,1
DA:113,0
DA:121,1
DA:129,2
DA:130,0
DA:136,2
DA:137,0
DA:138,0
DA:139,0
DA:140,0
LF:54
LH:7
BRDA:20,0,0,0
BRDA:20,0,1,0
BRDA:23,1,0,0
BRDA:23,1,1,0
BRDA:23,2,0,0
BRDA:23,2,1,0
BRDA:27,3,0,0
BRDA:27,3,1,0
BRDA:27,4,0,0
BRDA:27,4,1,0
BRDA:29,5,0,0
BRDA:29,5,1,0
BRDA:34,6,0,0
BRDA:34,6,1,0
BRDA:34,7,0,0
BRDA:34,7,1,0
BRDA:50,8,0,0
BRDA:50,8,1,0
BRDA:57,9,0,0
BRDA:57,9,1,0
BRDA:57,10,0,0
BRDA:57,10,1,0
BRDA:72,11,0,0
BRDA:72,11,1,0
BRDA:76,12,0,0
BRDA:76,12,1,0
BRDA:76,13,0,0
BRDA:76,13,1,0
BRDA:90,14,0,0
BRDA:90,14,1,0
BRDA:95,15,0,0
BRDA:95,15,1,0
BRDA:99,16,0,0
BRDA:99,16,1,0
BRDA:108,17,0,1
BRDA:108,17,1,0
BRF:36
BRH:1
end_of_record
TN:
SF:/Users/benjaminsoung/web-dev/interview_challenges/musical-mash/src/components/container/VideoContainer.js
FN:8,(anonymous_0)
FN:38,(anonymous_1)
FN:62,(anonymous_2)
FN:68,(anonymous_3)
FN:94,(anonymous_4)
FN:111,(anonymous_5)
FN:127,(anonymous_6)
FN:171,(anonymous_7)
FN:179,(anonymous_8)
FN:181,(anonymous_9)
FN:182,(anonymous_10)
FN:183,(anonymous_11)
FN:184,(anonymous_12)
FNF:13
FNH:0
FNDA:0,(anonymous_0)
FNDA:0,(anonymous_1)
FNDA:0,(anonymous_2)
FNDA:0,(anonymous_3)
FNDA:0,(anonymous_4)
FNDA:0,(anonymous_5)
FNDA:0,(anonymous_6)
FNDA:0,(anonymous_7)
FNDA:0,(anonymous_8)
FNDA:0,(anonymous_9)
FNDA:0,(anonymous_10)
FNDA:0,(anonymous_11)
FNDA:0,(anonymous_12)
DA:9,0
DA:11,0
DA:12,0
DA:14,0
DA:15,0
DA:17,0
DA:20,0
DA:21,0
DA:24,0
DA:26,0
DA:27,0
DA:31,0
DA:32,0
DA:39,0
DA:40,0
DA:43,0
DA:45,0
DA:46,0
DA:47,0
DA:50,0
DA:52,0
DA:53,0
DA:57,0
DA:63,0
DA:65,0
DA:69,0
DA:71,0
DA:72,0
DA:73,0
DA:76,0
DA:77,0
DA:80,0
DA:82,0
DA:83,0
DA:84,0
DA:86,0
DA:90,0
DA:95,0
DA:96,0
DA:98,0
DA:100,0
DA:101,0
DA:102,0
DA:103,0
DA:106,0
DA:112,0
DA:114,0
DA:115,0
DA:118,0
DA:122,0
DA:123,0
DA:128,0
DA:129,0
DA:131,0
DA:132,0
DA:134,0
DA:150,0
DA:162,0
DA:171,1
DA:172,0
DA:179,1
DA:180,0
DA:181,0
DA:182,0
DA:183,0
DA:184,0
LF:66
LH:2
BRDA:17,0,0,0
BRDA:17,0,1,0
BRDA:20,1,0,0
BRDA:20,1,1,0
BRDA:20,2,0,0
BRDA:20,2,1,0
BRDA:24,3,0,0
BRDA:24,3,1,0
BRDA:24,4,0,0
BRDA:24,4,1,0
BRDA:26,5,0,0
BRDA:26,5,1,0
BRDA:31,6,0,0
BRDA:31,6,1,0
BRDA:31,7,0,0
BRDA:31,7,1,0
BRDA:43,8,0,0
BRDA:43,8,1,0
BRDA:45,9,0,0
BRDA:45,9,1,0
BRDA:50,10,0,0
BRDA:50,10,1,0
BRDA:76,11,0,0
BRDA:76,11,1,0
BRDA:82,12,0,0
BRDA:82,12,1,0
BRDA:82,13,0,0
BRDA:82,13,1,0
BRDA:98,14,0,0
BRDA:98,14,1,0
BRDA:101,15,0,0
BRDA:101,15,1,0
BRDA:101,16,0,0
BRDA:101,16,1,0
BRDA:114,17,0,0
BRDA:114,17,1,0
BRDA:122,18,0,0
BRDA:122,18,1,0
BRDA:131,19,0,0
BRDA:131,19,1,0
BRF:40
BRH:0
end_of_record
TN:
SF:/Users/benjaminsoung/web-dev/interview_challenges/musical-mash/src/components/container/index.js
FNF:0
FNH:0
LF:0
LH:0
BRF:0
BRH:0
end_of_record
TN:
SF:/Users/benjaminsoung/web-dev/interview_challenges/musical-mash/src/components/layout/LandingLayout.js
FN:5,(anonymous_0)
FNF:1
FNH:1
FNDA:1,(anonymous_0)
DA:6,1
LF:1
LH:1
BRF:0
BRH:0
end_of_record
TN:
SF:/Users/benjaminsoung/web-dev/interview_challenges/musical-mash/src/components/view/SearchView.js
FN:4,(anonymous_0)
FNF:1
FNH:1
FNDA:1,(anonymous_0)
DA:5,1
LF:1
LH:1
BRF:0
BRH:0
end_of_record
TN:
SF:/Users/benjaminsoung/web-dev/interview_challenges/musical-mash/src/components/view/index.js
FNF:0
FNH:0
LF:0
LH:0
BRF:0
BRH:0
end_of_record
TN:
SF:/Users/benjaminsoung/web-dev/interview_challenges/musical-mash/src/constants/index.js
FNF:0
FNH:0
LF:0
LH:0
BRF:0
BRH:0
end_of_record
TN:
SF:/Users/benjaminsoung/web-dev/interview_challenges/musical-mash/src/secret/index.js
FNF:0
FNH:0
LF:0
LH:0
BRF:0
BRH:0
end_of_record
TN:
SF:/Users/benjaminsoung/web-dev/interview_challenges/musical-mash/src/utils/APIManager.js
FN:5,(anonymous_0)
FN:6,(anonymous_1)
FN:11,(anonymous_2)
FNF:3
FNH:0
FNDA:0,(anonymous_0)
FNDA:0,(anonymous_1)
FNDA:0,(anonymous_2)
DA:6,0
DA:7,0
DA:12,0
DA:13,0
DA:14,0
DA:17,0
DA:18,0
DA:19,0
DA:22,0
LF:9
LH:0
BRDA:12,0,0,0
BRDA:12,0,1,0
BRDA:17,1,0,0
BRDA:17,1,1,0
BRF:4
BRH:0
end_of_record
TN:
SF:/Users/benjaminsoung/web-dev/interview_challenges/musical-mash/src/utils/index.js
FNF:0
FNH:0
LF:0
LH:0
BRF:0
BRH:0
end_of_record
